<?xml version="1.0" encoding="UTF-8"?>
<!-- Generated by org.testng.reporters.JUnitReportReporter -->
<testsuite skipped="0" hostname="DESKTOP-GK61F68" name="com.mpokketassessment.test.GetListOfUsersTest" tests="1" failures="0" timestamp="2021-05-24T13:13:18 IST" time="3.609" errors="0">
  <testcase name="getListofuserTest" time="3.609" classname="com.mpokketassessment.test.GetListOfUsersTest"/>
  <system-out/>
</testsuite> <!-- com.mpokketassessment.test.GetListOfUsersTest -->
